<?xml version="1.0" encoding="UTF-8"?>
<testng-results skipped="0" failed="0" total="1" passed="1">
  <reporter-output>
  </reporter-output>
  <suite name="Suite" duration-ms="68337" started-at="2019-06-09T08:23:28Z" finished-at="2019-06-09T08:24:36Z">
    <groups>
    </groups>
    <test name="Test" duration-ms="68337" started-at="2019-06-09T08:23:28Z" finished-at="2019-06-09T08:24:36Z">
      <class name="com.TestCases.PlaceOrder">
        <test-method status="PASS" signature="beforeClass()[pri:0, instance:com.TestCases.PlaceOrder@5594a1b5]" name="beforeClass" is-config="true" duration-ms="10475" started-at="2019-06-09T13:53:28Z" finished-at="2019-06-09T13:53:38Z">
          <reporter-output>
          </reporter-output>
        </test-method> <!-- beforeClass -->
        <test-method status="PASS" signature="verifyPlaceOrder()[pri:0, instance:com.TestCases.PlaceOrder@5594a1b5]" name="verifyPlaceOrder" duration-ms="57831" started-at="2019-06-09T13:53:38Z" finished-at="2019-06-09T13:54:36Z">
          <reporter-output>
          </reporter-output>
        </test-method> <!-- verifyPlaceOrder -->
        <test-method status="PASS" signature="afterClass()[pri:0, instance:com.TestCases.PlaceOrder@5594a1b5]" name="afterClass" is-config="true" duration-ms="1" started-at="2019-06-09T13:54:36Z" finished-at="2019-06-09T13:54:36Z">
          <reporter-output>
          </reporter-output>
        </test-method> <!-- afterClass -->
      </class> <!-- com.TestCases.PlaceOrder -->
    </test> <!-- Test -->
  </suite> <!-- Suite -->
</testng-results>
