<?xml version="1.0" encoding="UTF-8"?>
<testng-results skipped="0" failed="0" ignored="0" total="1" passed="1">
  <reporter-output>
  </reporter-output>
  <suite name="Suite" duration-ms="76887" started-at="2019-06-08T23:02:47Z" finished-at="2019-06-08T23:04:04Z">
    <groups>
    </groups>
    <test name="Test" duration-ms="76887" started-at="2019-06-08T23:02:47Z" finished-at="2019-06-08T23:04:04Z">
      <class name="com.WebAutomation.PlaceOrder">
        <test-method status="PASS" signature="beforeClass()[pri:0, instance:com.WebAutomation.PlaceOrder@1d8d30f7]" name="beforeClass" is-config="true" duration-ms="11341" started-at="2019-06-08T23:02:48Z" finished-at="2019-06-08T23:02:59Z">
          <reporter-output>
          </reporter-output>
        </test-method> <!-- beforeClass -->
        <test-method status="PASS" signature="verifyPlaceOrder()[pri:0, instance:com.WebAutomation.PlaceOrder@1d8d30f7]" name="verifyPlaceOrder" duration-ms="57788" started-at="2019-06-08T23:02:59Z" finished-at="2019-06-08T23:03:57Z">
          <reporter-output>
          </reporter-output>
        </test-method> <!-- verifyPlaceOrder -->
        <test-method status="PASS" signature="afterClass()[pri:0, instance:com.WebAutomation.PlaceOrder@1d8d30f7]" name="afterClass" is-config="true" duration-ms="7691" started-at="2019-06-08T23:03:57Z" finished-at="2019-06-08T23:04:04Z">
          <reporter-output>
          </reporter-output>
        </test-method> <!-- afterClass -->
      </class> <!-- com.WebAutomation.PlaceOrder -->
    </test> <!-- Test -->
  </suite> <!-- Suite -->
</testng-results>
