<?xml version="1.0" encoding="UTF-8"?>
<testng-results skipped="0" failed="0" ignored="0" total="1" passed="1">
  <reporter-output>
  </reporter-output>
  <suite name="Suite" duration-ms="20537" started-at="2019-06-08T16:15:42Z" finished-at="2019-06-08T16:16:02Z">
    <groups>
    </groups>
    <test name="Test" duration-ms="20537" started-at="2019-06-08T16:15:42Z" finished-at="2019-06-08T16:16:02Z">
      <class name="com.WebAutomation.PlaceOrder">
        <test-method status="PASS" signature="beforeClass()[pri:0, instance:com.WebAutomation.PlaceOrder@27808f31]" name="beforeClass" is-config="true" duration-ms="6074" started-at="2019-06-08T16:15:42Z" finished-at="2019-06-08T16:15:48Z">
          <reporter-output>
          </reporter-output>
        </test-method> <!-- beforeClass -->
        <test-method status="PASS" signature="verifyPlaceOrder()[pri:0, instance:com.WebAutomation.PlaceOrder@27808f31]" name="verifyPlaceOrder" duration-ms="14405" started-at="2019-06-08T16:15:48Z" finished-at="2019-06-08T16:16:02Z">
          <reporter-output>
          </reporter-output>
        </test-method> <!-- verifyPlaceOrder -->
        <test-method status="PASS" signature="afterClass()[pri:0, instance:com.WebAutomation.PlaceOrder@27808f31]" name="afterClass" is-config="true" duration-ms="0" started-at="2019-06-08T16:16:02Z" finished-at="2019-06-08T16:16:02Z">
          <reporter-output>
          </reporter-output>
        </test-method> <!-- afterClass -->
      </class> <!-- com.WebAutomation.PlaceOrder -->
    </test> <!-- Test -->
  </suite> <!-- Suite -->
</testng-results>
